<?xml version="1.0" encoding="UTF-8"?>
<testsuite name="org.piccolo2d.nodes.PHtmlViewTest" time="1.194" tests="30" errors="0" skipped="0" failures="0">
  <properties>
    <property name="java.runtime.name" value="Java(TM) SE Runtime Environment"/>
    <property name="sun.boot.library.path" value="/opt/java/jdk1.8.0_66/jre/lib/amd64"/>
    <property name="java.vm.version" value="25.66-b17"/>
    <property name="java.vm.vendor" value="Oracle Corporation"/>
    <property name="java.vendor.url" value="http://java.oracle.com/"/>
    <property name="path.separator" value=":"/>
    <property name="java.vm.name" value="Java HotSpot(TM) 64-Bit Server VM"/>
    <property name="file.encoding.pkg" value="sun.io"/>
    <property name="user.country" value="US"/>
    <property name="sun.java.launcher" value="SUN_STANDARD"/>
    <property name="sun.os.patch.level" value="unknown"/>
    <property name="java.vm.specification.name" value="Java Virtual Machine Specification"/>
    <property name="user.dir" value="/opt-hdd/opt/Downloads/kk-multicopter-multiwii/Piccolo2D/piccolo2d.java"/>
    <property name="java.runtime.version" value="1.8.0_66-b17"/>
    <property name="java.awt.graphicsenv" value="sun.awt.X11GraphicsEnvironment"/>
    <property name="java.endorsed.dirs" value="/opt/java/jdk1.8.0_66/jre/lib/endorsed"/>
    <property name="os.arch" value="amd64"/>
    <property name="java.io.tmpdir" value="/tmp"/>
    <property name="line.separator" value="&#10;"/>
    <property name="java.vm.specification.vendor" value="Oracle Corporation"/>
    <property name="os.name" value="Linux"/>
    <property name="classworlds.conf" value="/usr/share/maven2/bin/m2.conf"/>
    <property name="sun.jnu.encoding" value="UTF-8"/>
    <property name="java.library.path" value="/usr/java/packages/lib/amd64:/usr/lib64:/lib64:/lib:/usr/lib"/>
    <property name="java.specification.name" value="Java Platform API Specification"/>
    <property name="java.class.version" value="52.0"/>
    <property name="sun.management.compiler" value="HotSpot 64-Bit Tiered Compilers"/>
    <property name="os.version" value="4.2.0-23-generic"/>
    <property name="user.home" value="/home/maciek"/>
    <property name="user.timezone" value="Europe/Warsaw"/>
    <property name="java.awt.printerjob" value="sun.print.PSPrinterJob"/>
    <property name="file.encoding" value="UTF-8"/>
    <property name="java.specification.version" value="1.8"/>
    <property name="user.name" value="maciek"/>
    <property name="java.class.path" value="/usr/share/maven2/boot/classworlds.jar"/>
    <property name="java.vm.specification.version" value="1.8"/>
    <property name="sun.arch.data.model" value="64"/>
    <property name="java.home" value="/opt/java/jdk1.8.0_66/jre"/>
    <property name="sun.java.command" value="org.codehaus.classworlds.Launcher &quot;install&quot;"/>
    <property name="java.specification.vendor" value="Oracle Corporation"/>
    <property name="user.language" value="en"/>
    <property name="awt.toolkit" value="sun.awt.X11.XToolkit"/>
    <property name="java.vm.info" value="mixed mode"/>
    <property name="java.version" value="1.8.0_66"/>
    <property name="java.ext.dirs" value="/opt/java/jdk1.8.0_66/jre/lib/ext:/usr/java/packages/lib/ext"/>
    <property name="securerandom.source" value="file:/dev/./urandom"/>
    <property name="sun.boot.class.path" value="/opt/java/jdk1.8.0_66/jre/lib/resources.jar:/opt/java/jdk1.8.0_66/jre/lib/rt.jar:/opt/java/jdk1.8.0_66/jre/lib/sunrsasign.jar:/opt/java/jdk1.8.0_66/jre/lib/jsse.jar:/opt/java/jdk1.8.0_66/jre/lib/jce.jar:/opt/java/jdk1.8.0_66/jre/lib/charsets.jar:/opt/java/jdk1.8.0_66/jre/lib/jfr.jar:/opt/java/jdk1.8.0_66/jre/classes"/>
    <property name="java.vendor" value="Oracle Corporation"/>
    <property name="maven.home" value="/usr/share/maven2"/>
    <property name="file.separator" value="/"/>
    <property name="java.vendor.url.bug" value="http://bugreport.sun.com/bugreport/"/>
    <property name="sun.cpu.endian" value="little"/>
    <property name="sun.io.unicode.encoding" value="UnicodeLittle"/>
    <property name="sun.cpu.isalist" value=""/>
  </properties>
  <testcase name="testConstructorRetainsAllParametersWhenRealHtml" classname="org.piccolo2d.nodes.PHtmlViewTest" time="0.131"/>
  <testcase name="testReturnsNullWhenClickOutsideLink" classname="org.piccolo2d.nodes.PHtmlViewTest" time="0.021"/>
  <testcase name="testHtmlColorIsNotNullByDefault" classname="org.piccolo2d.nodes.PHtmlViewTest" time="0.006"/>
  <testcase name="testMissingEndTagCausesRemainderOfHtmlToBeLinkTarget" classname="org.piccolo2d.nodes.PHtmlViewTest" time="0.014"/>
  <testcase name="testEmptyAddressReturnsEmptyString" classname="org.piccolo2d.nodes.PHtmlViewTest" time="0.013"/>
  <testcase name="testPaintFillsBounds" classname="org.piccolo2d.nodes.PHtmlViewTest" time="0.034"/>
  <testcase name="testConstructorRetainsAllParameters" classname="org.piccolo2d.nodes.PHtmlViewTest" time="0.023"/>
  <testcase name="testGetClickedAddressReturnsHrefWhenMissingEndAnchorTag" classname="org.piccolo2d.nodes.PHtmlViewTest" time="0.016"/>
  <testcase name="testClone" classname="org.piccolo2d.nodes.PHtmlViewTest" time="0.078"/>
  <testcase name="testConstructorRetainsHtmlWithCSSStyling" classname="org.piccolo2d.nodes.PHtmlViewTest" time="0.752"/>
  <testcase name="testGetClickedAddressReturnsNullWhenInvalid" classname="org.piccolo2d.nodes.PHtmlViewTest" time="0.008"/>
  <testcase name="testGetClickedAddressReturnsSingleQuotedAddress" classname="org.piccolo2d.nodes.PHtmlViewTest" time="0.012"/>
  <testcase name="testBracketsAreValidInHrefs" classname="org.piccolo2d.nodes.PHtmlViewTest" time="0.007"/>
  <testcase name="testDefaultConstructorHasExpectedDefaults" classname="org.piccolo2d.nodes.PHtmlViewTest" time="0.002"/>
  <testcase name="testConstructorAcceptsNonHtmlText" classname="org.piccolo2d.nodes.PHtmlViewTest" time="0.004"/>
  <testcase name="testSetHtmlColorPersists" classname="org.piccolo2d.nodes.PHtmlViewTest" time="0.001"/>
  <testcase name="testSetHtmlFiresEventOnChangeOnly" classname="org.piccolo2d.nodes.PHtmlViewTest" time="0.004"/>
  <testcase name="testConstructorAcceptsRealisticHtml" classname="org.piccolo2d.nodes.PHtmlViewTest" time="0.011"/>
  <testcase name="testConstructorAcceptsNullFont" classname="org.piccolo2d.nodes.PHtmlViewTest" time="0.004"/>
  <testcase name="testConstructorAcceptsNullHtml" classname="org.piccolo2d.nodes.PHtmlViewTest" time="0.004"/>
  <testcase name="testUnclosedQuotesCauseIgnoreOfLink" classname="org.piccolo2d.nodes.PHtmlViewTest" time="0.006"/>
  <testcase name="testUnclosedTagsCauseIgnoreOfTag" classname="org.piccolo2d.nodes.PHtmlViewTest" time="0.007"/>
  <testcase name="testHandlesHrefWithoutQuotes" classname="org.piccolo2d.nodes.PHtmlViewTest" time="0.01"/>
  <testcase name="testGetClickedAddressReturnsDoubleQuotedAddress" classname="org.piccolo2d.nodes.PHtmlViewTest" time="0.007"/>
  <testcase name="testConstructorAcceptsNullFontAndColor" classname="org.piccolo2d.nodes.PHtmlViewTest" time="0.003"/>
  <testcase name="testConstructorAcceptsNullColor" classname="org.piccolo2d.nodes.PHtmlViewTest" time="0.006"/>
  <testcase name="testHandlesTricksyTitles" classname="org.piccolo2d.nodes.PHtmlViewTest" time="0.004"/>
  <testcase name="testFontIsNotNullByDefault" classname="org.piccolo2d.nodes.PHtmlViewTest" time="0.002"/>
  <testcase name="testSetHtmlToNullIsAllowed" classname="org.piccolo2d.nodes.PHtmlViewTest" time="0.001"/>
  <testcase name="testSetFontPerists" classname="org.piccolo2d.nodes.PHtmlViewTest" time="0.003"/>
</testsuite>