<?xml version="1.0" encoding="UTF-8"?>
<testsuite name="org.piccolo2d.nodes.PAreaTest" time="0.026" tests="43" errors="0" skipped="0" failures="0">
  <properties>
    <property name="java.runtime.name" value="Java(TM) SE Runtime Environment"/>
    <property name="sun.boot.library.path" value="/opt/java/jdk1.8.0_66/jre/lib/amd64"/>
    <property name="java.vm.version" value="25.66-b17"/>
    <property name="java.vm.vendor" value="Oracle Corporation"/>
    <property name="java.vendor.url" value="http://java.oracle.com/"/>
    <property name="path.separator" value=":"/>
    <property name="java.vm.name" value="Java HotSpot(TM) 64-Bit Server VM"/>
    <property name="file.encoding.pkg" value="sun.io"/>
    <property name="user.country" value="US"/>
    <property name="sun.java.launcher" value="SUN_STANDARD"/>
    <property name="sun.os.patch.level" value="unknown"/>
    <property name="java.vm.specification.name" value="Java Virtual Machine Specification"/>
    <property name="user.dir" value="/opt-hdd/opt/Downloads/kk-multicopter-multiwii/Piccolo2D/piccolo2d.java"/>
    <property name="java.runtime.version" value="1.8.0_66-b17"/>
    <property name="java.awt.graphicsenv" value="sun.awt.X11GraphicsEnvironment"/>
    <property name="java.endorsed.dirs" value="/opt/java/jdk1.8.0_66/jre/lib/endorsed"/>
    <property name="os.arch" value="amd64"/>
    <property name="java.io.tmpdir" value="/tmp"/>
    <property name="line.separator" value="&#10;"/>
    <property name="java.vm.specification.vendor" value="Oracle Corporation"/>
    <property name="os.name" value="Linux"/>
    <property name="classworlds.conf" value="/usr/share/maven2/bin/m2.conf"/>
    <property name="sun.jnu.encoding" value="UTF-8"/>
    <property name="java.library.path" value="/usr/java/packages/lib/amd64:/usr/lib64:/lib64:/lib:/usr/lib"/>
    <property name="java.specification.name" value="Java Platform API Specification"/>
    <property name="java.class.version" value="52.0"/>
    <property name="sun.management.compiler" value="HotSpot 64-Bit Tiered Compilers"/>
    <property name="os.version" value="4.2.0-23-generic"/>
    <property name="user.home" value="/home/maciek"/>
    <property name="user.timezone" value="Europe/Warsaw"/>
    <property name="java.awt.printerjob" value="sun.print.PSPrinterJob"/>
    <property name="file.encoding" value="UTF-8"/>
    <property name="java.specification.version" value="1.8"/>
    <property name="user.name" value="maciek"/>
    <property name="java.class.path" value="/usr/share/maven2/boot/classworlds.jar"/>
    <property name="java.vm.specification.version" value="1.8"/>
    <property name="sun.arch.data.model" value="64"/>
    <property name="java.home" value="/opt/java/jdk1.8.0_66/jre"/>
    <property name="sun.java.command" value="org.codehaus.classworlds.Launcher &quot;install&quot;"/>
    <property name="java.specification.vendor" value="Oracle Corporation"/>
    <property name="user.language" value="en"/>
    <property name="awt.toolkit" value="sun.awt.X11.XToolkit"/>
    <property name="java.vm.info" value="mixed mode"/>
    <property name="java.version" value="1.8.0_66"/>
    <property name="java.ext.dirs" value="/opt/java/jdk1.8.0_66/jre/lib/ext:/usr/java/packages/lib/ext"/>
    <property name="securerandom.source" value="file:/dev/./urandom"/>
    <property name="sun.boot.class.path" value="/opt/java/jdk1.8.0_66/jre/lib/resources.jar:/opt/java/jdk1.8.0_66/jre/lib/rt.jar:/opt/java/jdk1.8.0_66/jre/lib/sunrsasign.jar:/opt/java/jdk1.8.0_66/jre/lib/jsse.jar:/opt/java/jdk1.8.0_66/jre/lib/jce.jar:/opt/java/jdk1.8.0_66/jre/lib/charsets.jar:/opt/java/jdk1.8.0_66/jre/lib/jfr.jar:/opt/java/jdk1.8.0_66/jre/classes"/>
    <property name="java.vendor" value="Oracle Corporation"/>
    <property name="maven.home" value="/usr/share/maven2"/>
    <property name="file.separator" value="/"/>
    <property name="java.vendor.url.bug" value="http://bugreport.sun.com/bugreport/"/>
    <property name="sun.cpu.endian" value="little"/>
    <property name="sun.io.unicode.encoding" value="UnicodeLittle"/>
    <property name="sun.cpu.isalist" value=""/>
  </properties>
  <testcase name="testResetFiresPropertyChangeEvent" classname="org.piccolo2d.nodes.PAreaTest" time="0.005"/>
  <testcase name="testShapeConstructor" classname="org.piccolo2d.nodes.PAreaTest" time="0"/>
  <testcase name="testAreaConstructor" classname="org.piccolo2d.nodes.PAreaTest" time="0"/>
  <testcase name="testSubtractNullPaint" classname="org.piccolo2d.nodes.PAreaTest" time="0.002"/>
  <testcase name="testAdd" classname="org.piccolo2d.nodes.PAreaTest" time="0.001"/>
  <testcase name="testSubtract" classname="org.piccolo2d.nodes.PAreaTest" time="0.001"/>
  <testcase name="testReset" classname="org.piccolo2d.nodes.PAreaTest" time="0"/>
  <testcase name="testIsSingular" classname="org.piccolo2d.nodes.PAreaTest" time="0.001"/>
  <testcase name="testExclusiveOrFiresPropertyChangeEvent" classname="org.piccolo2d.nodes.PAreaTest" time="0"/>
  <testcase name="testAddFiresPropertyChangeEvent" classname="org.piccolo2d.nodes.PAreaTest" time="0.001"/>
  <testcase name="testShapeConstructorNullArgument" classname="org.piccolo2d.nodes.PAreaTest" time="0"/>
  <testcase name="testAddNullStroke" classname="org.piccolo2d.nodes.PAreaTest" time="0.001"/>
  <testcase name="testExclusiveOrNullStroke" classname="org.piccolo2d.nodes.PAreaTest" time="0.001"/>
  <testcase name="testIntersectNullStroke" classname="org.piccolo2d.nodes.PAreaTest" time="0.001"/>
  <testcase name="testIntersectNullStrokePaint" classname="org.piccolo2d.nodes.PAreaTest" time="0"/>
  <testcase name="testAreaConstructorNullArgument" classname="org.piccolo2d.nodes.PAreaTest" time="0"/>
  <testcase name="testExclusiveOrNullPaint" classname="org.piccolo2d.nodes.PAreaTest" time="0.002"/>
  <testcase name="testIsRectangular" classname="org.piccolo2d.nodes.PAreaTest" time="0.001"/>
  <testcase name="testAddNullStrokePaint" classname="org.piccolo2d.nodes.PAreaTest" time="0.001"/>
  <testcase name="testAddNullArgument" classname="org.piccolo2d.nodes.PAreaTest" time="0"/>
  <testcase name="testSubtractNullArgument" classname="org.piccolo2d.nodes.PAreaTest" time="0"/>
  <testcase name="testIntersectFiresPropertyChangeEvent" classname="org.piccolo2d.nodes.PAreaTest" time="0.001"/>
  <testcase name="testExclusiveOrNullStrokePaint" classname="org.piccolo2d.nodes.PAreaTest" time="0.001"/>
  <testcase name="testSubtractNullStroke" classname="org.piccolo2d.nodes.PAreaTest" time="0.001"/>
  <testcase name="testIsPolygonal" classname="org.piccolo2d.nodes.PAreaTest" time="0"/>
  <testcase name="testExclusiveOr" classname="org.piccolo2d.nodes.PAreaTest" time="0.002"/>
  <testcase name="testIntersectNullArgument" classname="org.piccolo2d.nodes.PAreaTest" time="0"/>
  <testcase name="testIntersect" classname="org.piccolo2d.nodes.PAreaTest" time="0.001"/>
  <testcase name="testIntersectNullPaint" classname="org.piccolo2d.nodes.PAreaTest" time="0"/>
  <testcase name="testExclusiveOrNullArgument" classname="org.piccolo2d.nodes.PAreaTest" time="0"/>
  <testcase name="testNoArgConstructor" classname="org.piccolo2d.nodes.PAreaTest" time="0"/>
  <testcase name="testSubtractNullStrokePaint" classname="org.piccolo2d.nodes.PAreaTest" time="0"/>
  <testcase name="testIsEmpty" classname="org.piccolo2d.nodes.PAreaTest" time="0.001"/>
  <testcase name="testAddNullPaint" classname="org.piccolo2d.nodes.PAreaTest" time="0.001"/>
  <testcase name="testSubtractFiresPropertyChangeEvent" classname="org.piccolo2d.nodes.PAreaTest" time="0"/>
  <testcase name="testDefaultStroke" classname="org.piccolo2d.nodes.PAreaTest" time="0"/>
  <testcase name="testStrokeBoundProperty" classname="org.piccolo2d.nodes.PAreaTest" time="0"/>
  <testcase name="testDefaultPaint" classname="org.piccolo2d.nodes.PAreaTest" time="0"/>
  <testcase name="testStrokePaintBoundProperty" classname="org.piccolo2d.nodes.PAreaTest" time="0"/>
  <testcase name="testCreateShapeNode" classname="org.piccolo2d.nodes.PAreaTest" time="0"/>
  <testcase name="testStrokePaint" classname="org.piccolo2d.nodes.PAreaTest" time="0"/>
  <testcase name="testDefaultStrokePaint" classname="org.piccolo2d.nodes.PAreaTest" time="0"/>
  <testcase name="testStroke" classname="org.piccolo2d.nodes.PAreaTest" time="0"/>
</testsuite>